0 info it worked if it ends with ok
1 verbose cli [ 'node',
1 verbose cli   '/usr/local/bin/npm',
1 verbose cli   'install',
1 verbose cli   'jquery-ui-sortable',
1 verbose cli   'angular',
1 verbose cli   'angular-ui-sortable',
1 verbose cli   '--save' ]
2 info using npm@2.10.1
3 info using node@v0.12.4
4 verbose install initial load of /Users/justin/src/js/angular-playground/package.json
5 warn package.json angular-playground@1.0.0 No description
6 warn package.json angular-playground@1.0.0 No README data
7 verbose installManyTop reading scoped package data from /Users/justin/src/js/angular-playground/node_modules/angular/package.json
8 verbose installManyTop reading scoped package data from /Users/justin/src/js/angular-playground/node_modules/bootstrap/package.json
9 verbose installManyTop reading scoped package data from /Users/justin/src/js/angular-playground/node_modules/browserify/package.json
10 verbose installManyTop reading scoped package data from /Users/justin/src/js/angular-playground/node_modules/browserify-shim/package.json
11 verbose installManyTop reading scoped package data from /Users/justin/src/js/angular-playground/node_modules/grunt/package.json
12 verbose installManyTop reading scoped package data from /Users/justin/src/js/angular-playground/node_modules/grunt-browserify/package.json
13 verbose installManyTop reading scoped package data from /Users/justin/src/js/angular-playground/node_modules/grunt-contrib-watch/package.json
14 verbose installManyTop reading scoped package data from /Users/justin/src/js/angular-playground/node_modules/jquery/package.json
15 verbose installManyTop reading scoped package data from /Users/justin/src/js/angular-playground/node_modules/moment/package.json
16 info package.json bootstrap@3.3.4 license should be a valid SPDX license expression
17 info package.json grunt@0.4.5 No license field.
18 info package.json grunt-browserify@3.8.0 No license field.
19 info package.json grunt-contrib-watch@0.6.1 No license field.
20 info package.json moment@2.10.3 No license field.
21 info package.json jquery@2.1.4 No license field.
22 verbose readDependencies loading dependencies from /Users/justin/src/js/angular-playground/package.json
23 silly cache add args [ 'jquery-ui-sortable', null ]
24 verbose cache add spec jquery-ui-sortable
25 verbose install angular is installed as 1.4.0
26 silly cache add args [ 'angular@^1.4.0', null ]
27 verbose cache add spec angular@^1.4.0
28 silly cache add args [ 'angular-ui-sortable', null ]
29 verbose cache add spec angular-ui-sortable
30 silly cache add parsed spec { raw: 'angular@^1.4.0',
30 silly cache add   scope: null,
30 silly cache add   name: 'angular',
30 silly cache add   rawSpec: '^1.4.0',
30 silly cache add   spec: '>=1.4.0 <2.0.0',
30 silly cache add   type: 'range' }
31 silly addNamed angular@>=1.4.0 <2.0.0
32 verbose addNamed ">=1.4.0 <2.0.0" is a valid semver range for angular
33 silly addNameRange { name: 'angular', range: '>=1.4.0 <2.0.0', hasData: false }
34 silly mapToRegistry name angular
35 silly mapToRegistry using default registry
36 silly mapToRegistry registry https://registry.npmjs.org/
37 silly mapToRegistry uri https://registry.npmjs.org/angular
38 verbose addNameRange registry:https://registry.npmjs.org/angular not in flight; fetching
39 silly cache add parsed spec { raw: 'jquery-ui-sortable',
39 silly cache add   scope: null,
39 silly cache add   name: 'jquery-ui-sortable',
39 silly cache add   rawSpec: '',
39 silly cache add   spec: '*',
39 silly cache add   type: 'range' }
40 silly addNamed jquery-ui-sortable@*
41 verbose addNamed "*" is a valid semver range for jquery-ui-sortable
42 silly addNameRange { name: 'jquery-ui-sortable', range: '*', hasData: false }
43 silly mapToRegistry name jquery-ui-sortable
44 silly mapToRegistry using default registry
45 silly mapToRegistry registry https://registry.npmjs.org/
46 silly mapToRegistry uri https://registry.npmjs.org/jquery-ui-sortable
47 verbose addNameRange registry:https://registry.npmjs.org/jquery-ui-sortable not in flight; fetching
48 silly cache add parsed spec { raw: 'angular-ui-sortable',
48 silly cache add   scope: null,
48 silly cache add   name: 'angular-ui-sortable',
48 silly cache add   rawSpec: '',
48 silly cache add   spec: '*',
48 silly cache add   type: 'range' }
49 silly addNamed angular-ui-sortable@*
50 verbose addNamed "*" is a valid semver range for angular-ui-sortable
51 silly addNameRange { name: 'angular-ui-sortable', range: '*', hasData: false }
52 silly mapToRegistry name angular-ui-sortable
53 silly mapToRegistry using default registry
54 silly mapToRegistry registry https://registry.npmjs.org/
55 silly mapToRegistry uri https://registry.npmjs.org/angular-ui-sortable
56 verbose addNameRange registry:https://registry.npmjs.org/angular-ui-sortable not in flight; fetching
57 verbose request uri https://registry.npmjs.org/jquery-ui-sortable
58 verbose request no auth needed
59 info attempt registry request try #1 at 5:21:08 PM
60 verbose request id 3309015a30446b79
61 http request GET https://registry.npmjs.org/jquery-ui-sortable
62 verbose get https://registry.npmjs.org/angular not expired, no request
63 silly addNameRange number 2 { name: 'angular', range: '>=1.4.0 <2.0.0', hasData: true }
64 silly addNameRange versions [ 'angular',
64 silly addNameRange   [ '0.0.1',
64 silly addNameRange     '0.0.1-1',
64 silly addNameRange     '0.0.1-2',
64 silly addNameRange     '0.0.2',
64 silly addNameRange     '0.0.3',
64 silly addNameRange     '0.0.4',
64 silly addNameRange     '1.0.0',
64 silly addNameRange     '1.0.1',
64 silly addNameRange     '1.0.2',
64 silly addNameRange     '1.0.3',
64 silly addNameRange     '1.0.4',
64 silly addNameRange     '1.0.5',
64 silly addNameRange     '1.0.6',
64 silly addNameRange     '1.0.7',
64 silly addNameRange     '1.0.8',
64 silly addNameRange     '1.1.0',
64 silly addNameRange     '1.1.1',
64 silly addNameRange     '1.1.2',
64 silly addNameRange     '1.1.3',
64 silly addNameRange     '1.1.4',
64 silly addNameRange     '1.1.5',
64 silly addNameRange     '1.2.0',
64 silly addNameRange     '1.2.1',
64 silly addNameRange     '1.2.2',
64 silly addNameRange     '1.2.3',
64 silly addNameRange     '1.2.4',
64 silly addNameRange     '1.2.5',
64 silly addNameRange     '1.2.6',
64 silly addNameRange     '1.2.7',
64 silly addNameRange     '1.2.8',
64 silly addNameRange     '1.2.9',
64 silly addNameRange     '1.2.10',
64 silly addNameRange     '1.2.11',
64 silly addNameRange     '1.2.12',
64 silly addNameRange     '1.2.13',
64 silly addNameRange     '1.2.14',
64 silly addNameRange     '1.2.15',
64 silly addNameRange     '1.2.16',
64 silly addNameRange     '1.2.17',
64 silly addNameRange     '1.2.18',
64 silly addNameRange     '1.2.19',
64 silly addNameRange     '1.2.20',
64 silly addNameRange     '1.2.21',
64 silly addNameRange     '1.2.22',
64 silly addNameRange     '1.2.23',
64 silly addNameRange     '1.3.0-rc.5',
64 silly addNameRange     '1.3.0',
64 silly addNameRange     '1.3.1',
64 silly addNameRange     '1.3.2',
64 silly addNameRange     '1.3.3',
64 silly addNameRange     '1.3.4-build.3588',
64 silly addNameRange     '1.2.27',
64 silly addNameRange     '1.3.4',
64 silly addNameRange     '1.3.5',
64 silly addNameRange     '1.3.6',
64 silly addNameRange     '1.3.7',
64 silly addNameRange     '1.2.28',
64 silly addNameRange     '1.3.8',
64 silly addNameRange     '1.4.0-beta.0',
64 silly addNameRange     '1.3.9',
64 silly addNameRange     '1.3.10',
64 silly addNameRange     '1.4.0-beta.1',
64 silly addNameRange     '1.4.0-beta.2',
64 silly addNameRange     '1.3.11',
64 silly addNameRange     '1.4.0-beta.3',
64 silly addNameRange     '1.3.12',
64 silly addNameRange     '1.3.13',
64 silly addNameRange     '1.4.0-beta.4',
64 silly addNameRange     '1.3.14',
64 silly addNameRange     '1.4.0-beta.5',
64 silly addNameRange     '1.4.0-beta.6',
64 silly addNameRange     '1.3.15',
64 silly addNameRange     '1.4.0-rc.0',
64 silly addNameRange     '1.4.0-rc.1',
64 silly addNameRange     '1.4.0-rc.2',
64 silly addNameRange     '1.4.0' ] ]
65 silly addNamed angular@1.4.0
66 verbose addNamed "1.4.0" is a plain semver version for angular
67 verbose get https://registry.npmjs.org/angular-ui-sortable not expired, no request
68 silly addNameRange number 2 { name: 'angular-ui-sortable', range: '*', hasData: true }
69 silly addNameRange versions [ 'angular-ui-sortable', [ '0.12.5' ] ]
70 silly addNamed angular-ui-sortable@0.12.5
71 verbose addNamed "0.12.5" is a plain semver version for angular-ui-sortable
72 silly cache afterAdd angular@1.4.0
73 verbose afterAdd /Users/justin/.npm/angular/1.4.0/package/package.json not in flight; writing
74 silly cache afterAdd angular-ui-sortable@0.12.5
75 verbose afterAdd /Users/justin/.npm/angular-ui-sortable/0.12.5/package/package.json not in flight; writing
76 verbose afterAdd /Users/justin/.npm/angular/1.4.0/package/package.json written
77 verbose afterAdd /Users/justin/.npm/angular-ui-sortable/0.12.5/package/package.json written
78 http 404 https://registry.npmjs.org/jquery-ui-sortable
79 verbose headers { server: 'CouchDB/1.5.0 (Erlang OTP/R16B03)',
79 verbose headers   'content-type': 'application/json',
79 verbose headers   'cache-control': 'max-age=0',
79 verbose headers   'content-length': '51',
79 verbose headers   'accept-ranges': 'bytes',
79 verbose headers   date: 'Mon, 01 Jun 2015 00:21:09 GMT',
79 verbose headers   via: '1.1 varnish',
79 verbose headers   age: '0',
79 verbose headers   connection: 'keep-alive',
79 verbose headers   'x-served-by': 'cache-lax1433-LAX',
79 verbose headers   'x-cache': 'MISS',
79 verbose headers   'x-cache-hits': '0',
79 verbose headers   'x-timer': 'S1433118068.950295,VS0,VE53' }
80 silly get cb [ 404,
80 silly get   { server: 'CouchDB/1.5.0 (Erlang OTP/R16B03)',
80 silly get     'content-type': 'application/json',
80 silly get     'cache-control': 'max-age=0',
80 silly get     'content-length': '51',
80 silly get     'accept-ranges': 'bytes',
80 silly get     date: 'Mon, 01 Jun 2015 00:21:09 GMT',
80 silly get     via: '1.1 varnish',
80 silly get     age: '0',
80 silly get     connection: 'keep-alive',
80 silly get     'x-served-by': 'cache-lax1433-LAX',
80 silly get     'x-cache': 'MISS',
80 silly get     'x-cache-hits': '0',
80 silly get     'x-timer': 'S1433118068.950295,VS0,VE53' } ]
81 verbose stack Error: 404 Not Found: jquery-ui-sortable
81 verbose stack     at CachingRegistryClient.<anonymous> (/usr/local/lib/node_modules/npm/node_modules/npm-registry-client/lib/request.js:245:14)
81 verbose stack     at Request._callback (/usr/local/lib/node_modules/npm/node_modules/npm-registry-client/lib/request.js:170:14)
81 verbose stack     at Request.self.callback (/usr/local/lib/node_modules/npm/node_modules/request/request.js:368:22)
81 verbose stack     at Request.emit (events.js:110:17)
81 verbose stack     at Request.<anonymous> (/usr/local/lib/node_modules/npm/node_modules/request/request.js:1219:14)
81 verbose stack     at Request.emit (events.js:129:20)
81 verbose stack     at IncomingMessage.<anonymous> (/usr/local/lib/node_modules/npm/node_modules/request/request.js:1167:12)
81 verbose stack     at IncomingMessage.emit (events.js:129:20)
81 verbose stack     at _stream_readable.js:908:16
81 verbose stack     at process._tickCallback (node.js:355:11)
82 verbose statusCode 404
83 verbose pkgid jquery-ui-sortable
84 verbose cwd /Users/justin/src/js/angular-playground
85 error Darwin 14.3.0
86 error argv "node" "/usr/local/bin/npm" "install" "jquery-ui-sortable" "angular" "angular-ui-sortable" "--save"
87 error node v0.12.4
88 error npm  v2.10.1
89 error code E404
90 error 404 Not Found: jquery-ui-sortable
90 error 404
90 error 404 'jquery-ui-sortable' is not in the npm registry.
90 error 404 You should bug the author to publish it (or use the name yourself!)
90 error 404 It was specified as a dependency of 'angular-playground'
90 error 404
90 error 404 Note that you can also install from a
90 error 404 tarball, folder, http url, or git url.
91 verbose exit [ 1, true ]
